d:\workspace\reshade_ex\reshade\intermediate\reshade\x64\debug\vc145.pdb
d:\workspace\reshade_ex\reshade\intermediate\reshade\x64\debug\vc145.idb
d:\workspace\reshade_ex\reshade\intermediate\reshade\x64\debug\examples\09-depth\generic_depth_addon.obj
d:\workspace\reshade_ex\reshade\intermediate\reshade\x64\debug\examples\15-effect_runtime_sync\runtime_sync_addon.obj
d:\workspace\reshade_ex\reshade\intermediate\reshade\x64\debug\source\imgui_function_table_19222.obj
d:\workspace\reshade_ex\reshade\intermediate\reshade\x64\debug\source\imgui_function_table_19040.obj
d:\workspace\reshade_ex\reshade\intermediate\reshade\x64\debug\source\imgui_function_table_19000.obj
d:\workspace\reshade_ex\reshade\intermediate\reshade\x64\debug\source\imgui_function_table_19180.obj
d:\workspace\reshade_ex\reshade\intermediate\reshade\x64\debug\source\runtime_update_check.obj
d:\workspace\reshade_ex\reshade\intermediate\reshade\x64\debug\source\imgui_widgets.obj
d:\workspace\reshade_ex\reshade\intermediate\reshade\x64\debug\source\imgui_function_table.obj
d:\workspace\reshade_ex\reshade\intermediate\reshade\x64\debug\source\addon.obj
d:\workspace\reshade_ex\reshade\intermediate\reshade\x64\debug\source\runtime_gui.obj
d:\workspace\reshade_ex\reshade\intermediate\reshade\x64\debug\source\runtime.obj
d:\workspace\reshade_ex\reshade\intermediate\reshade\x64\debug\source\hook_manager.obj
d:\workspace\reshade_ex\reshade\intermediate\reshade\x64\debug\source\dll_log.obj
d:\workspace\reshade_ex\reshade\intermediate\reshade\x64\debug\source\runtime_api.obj
d:\workspace\reshade_ex\reshade\intermediate\reshade\x64\debug\source\dll_main.obj
d:\workspace\reshade_ex\reshade\intermediate\reshade\x64\debug\source\imgui_function_table_19250.obj
d:\workspace\reshade_ex\reshade\intermediate\reshade\x64\debug\source\input.obj
d:\workspace\reshade_ex\reshade\intermediate\reshade\x64\debug\source\hook.obj
d:\workspace\reshade_ex\reshade\intermediate\reshade\x64\debug\source\runtime_manager.obj
d:\workspace\reshade_ex\reshade\intermediate\reshade\x64\debug\source\ini_file.obj
d:\workspace\reshade_ex\reshade\intermediate\reshade\x64\debug\source\imgui_code_editor.obj
d:\workspace\reshade_ex\reshade\intermediate\reshade\x64\debug\source\imgui_function_table_19191.obj
d:\workspace\reshade_ex\reshade\intermediate\reshade\x64\debug\source\addon_manager.obj
d:\workspace\reshade_ex\reshade\intermediate\reshade\x64\debug\source\platform_utils.obj
d:\workspace\reshade_ex\reshade\intermediate\reshade\x64\debug\source\dll_resources.obj
d:\workspace\reshade_ex\reshade\intermediate\reshade\x64\debug\source\imgui_function_table_18971.obj
d:\workspace\reshade_ex\reshade\intermediate\reshade\x64\debug\source\imgui_function_table_18600.obj
d:\workspace\reshade_ex\reshade\res\shaders\copy_ps.cso
d:\workspace\reshade_ex\reshade\res\shaders\fullscreen_vs.cso
d:\workspace\reshade_ex\reshade\res\shaders\imgui_ps_3_0.cso
d:\workspace\reshade_ex\reshade\res\shaders\imgui_ps_4_0.cso
d:\workspace\reshade_ex\reshade\res\shaders\imgui_vs_3_0.cso
d:\workspace\reshade_ex\reshade\res\shaders\imgui_vs_4_0.cso
d:\workspace\reshade_ex\reshade\res\shaders\mipmap_cs_5_0.cso
d:\workspace\reshade_ex\reshade\intermediate\reshade\x64\debug\reshade.vcxproj.filelistabsolute.txt
d:\workspace\reshade_ex\reshade\intermediate\reshade\x64\debug\reshade.tlog\cl.command.1.tlog
d:\workspace\reshade_ex\reshade\intermediate\reshade\x64\debug\reshade.tlog\cl.read.1.tlog
d:\workspace\reshade_ex\reshade\intermediate\reshade\x64\debug\reshade.tlog\cl.write.1.tlog
d:\workspace\reshade_ex\reshade\intermediate\reshade\x64\debug\reshade.tlog\fxc.command.1.tlog
d:\workspace\reshade_ex\reshade\intermediate\reshade\x64\debug\reshade.tlog\fxc.read.1.tlog
d:\workspace\reshade_ex\reshade\intermediate\reshade\x64\debug\reshade.tlog\fxc.write.1.tlog
