  compilation object save succeeded; see D:\WorkSpace\Reshade_Ex\reshade\res\shaders\copy_ps.cso
  compilation object save succeeded; see D:\WorkSpace\Reshade_Ex\reshade\res\shaders\fullscreen_vs.cso
  compilation object save succeeded; see D:\WorkSpace\Reshade_Ex\reshade\res\shaders\imgui_ps_3_0.cso
  compilation object save succeeded; see D:\WorkSpace\Reshade_Ex\reshade\res\shaders\imgui_ps_4_0.cso
  compilation object save succeeded; see D:\WorkSpace\Reshade_Ex\reshade\res\shaders\imgui_vs_3_0.cso
  compilation object save succeeded; see D:\WorkSpace\Reshade_Ex\reshade\res\shaders\imgui_vs_4_0.cso
  compilation object save succeeded; see D:\WorkSpace\Reshade_Ex\reshade\res\shaders\mipmap_cs_5_0.cso
  generic_depth_addon.cpp
  runtime_sync_addon.cpp
  addon.cpp
  addon_manager.cpp
  dll_log.cpp
  dll_main.cpp
  dll_resources.cpp
  hook.cpp
  hook_manager.cpp
  imgui_code_editor.cpp
  imgui_function_table.cpp
  imgui_function_table_18600.cpp
  imgui_function_table_18971.cpp
  imgui_function_table_19000.cpp
  imgui_function_table_19040.cpp
  imgui_function_table_19180.cpp
  imgui_function_table_19191.cpp
  imgui_function_table_19222.cpp
  imgui_function_table_19250.cpp
  imgui_widgets.cpp
  ini_file.cpp
  input.cpp
  platform_utils.cpp
  runtime.cpp
  runtime_api.cpp
  runtime_gui.cpp
  runtime_gui_vr.cpp
  runtime_manager.cpp
  runtime_update_check.cpp
  state_block.cpp
D:\WorkSpace\Reshade_Ex\reshade\source\opengl\opengl_impl_device.hpp(8,10): error C1083: 无法打开包括文件: “glad/wgl.h”: No such file or directory
  (compiling source file 'source/state_block.cpp')
  
D:\WorkSpace\Reshade_Ex\reshade\source\vulkan\vulkan_impl_device.hpp(8,10): error C1083: 无法打开包括文件: “glad/vulkan.h”: No such file or directory
  (compiling source file 'source/runtime_gui_vr.cpp')
  
