d:\workspace\reshade_ex\reshade\build\reshade.dir\release\sbs_game_bridge_addon.obj
d:\workspace\reshade_ex\reshade\build\reshade.dir\release\runtime_sync_addon.obj
d:\workspace\reshade_ex\reshade\build\reshade.dir\release\generic_depth_addon.obj
d:\workspace\reshade_ex\reshade\build\reshade.dir\release\ini_file.obj
d:\workspace\reshade_ex\reshade\build\reshade.dir\release\imgui_widgets.obj
d:\workspace\reshade_ex\reshade\build\reshade.dir\release\imgui_function_table_19250.obj
d:\workspace\reshade_ex\reshade\build\reshade.dir\release\imgui_function_table_19222.obj
d:\workspace\reshade_ex\reshade\build\reshade.dir\release\imgui_function_table_19191.obj
d:\workspace\reshade_ex\reshade\build\reshade.dir\release\imgui_function_table_19180.obj
d:\workspace\reshade_ex\reshade\build\reshade.dir\release\imgui_function_table_19040.obj
d:\workspace\reshade_ex\reshade\build\reshade.dir\release\imgui_function_table_19000.obj
d:\workspace\reshade_ex\reshade\build\reshade.dir\release\imgui_function_table_18971.obj
d:\workspace\reshade_ex\reshade\build\reshade.dir\release\imgui_function_table_18600.obj
d:\workspace\reshade_ex\reshade\build\reshade.dir\release\imgui_function_table.obj
d:\workspace\reshade_ex\reshade\build\reshade.dir\release\imgui_code_editor.obj
d:\workspace\reshade_ex\reshade\build\reshade.dir\release\hook_manager.obj
d:\workspace\reshade_ex\reshade\build\reshade.dir\release\hook.obj
d:\workspace\reshade_ex\reshade\build\reshade.dir\release\dll_resources.obj
d:\workspace\reshade_ex\reshade\build\reshade.dir\release\dll_main.obj
d:\workspace\reshade_ex\reshade\build\reshade.dir\release\dll_log.obj
d:\workspace\reshade_ex\reshade\build\reshade.dir\release\addon_manager.obj
d:\workspace\reshade_ex\reshade\build\reshade.dir\release\addon.obj
d:\workspace\reshade_ex\reshade\build\reshade.dir\release\texture_overlay_addon.obj
d:\workspace\reshade_ex\reshade\build\reshade.dir\release\vulkan_hooks_device.obj
d:\workspace\reshade_ex\reshade\build\reshade.dir\release\vulkan_hooks_command_list.obj
d:\workspace\reshade_ex\reshade\build\reshade.dir\release\vulkan.obj
d:\workspace\reshade_ex\reshade\build\reshade.dir\release\opengl_impl_type_convert.obj
d:\workspace\reshade_ex\reshade\build\reshade.dir\release\opengl_impl_swapchain.obj
d:\workspace\reshade_ex\reshade\build\reshade.dir\release\opengl_impl_state_block.obj
d:\workspace\reshade_ex\reshade\build\reshade.dir\release\opengl_impl_device.obj
d:\workspace\reshade_ex\reshade\build\reshade.dir\release\opengl_impl_command_queue.obj
d:\workspace\reshade_ex\reshade\build\reshade.dir\release\opengl_impl_command_list.obj
d:\workspace\reshade_ex\reshade\build\reshade.dir\release\opengl_hooks_wgl.obj
d:\workspace\reshade_ex\reshade\build\reshade.dir\release\opengl_hooks_ffp.obj
d:\workspace\reshade_ex\reshade\build\reshade.dir\release\opengl.obj
d:\workspace\reshade_ex\reshade\build\reshade.dir\release\state_block.obj
d:\workspace\reshade_ex\reshade\build\reshade.dir\release\runtime_update_check.obj
d:\workspace\reshade_ex\reshade\build\reshade.dir\release\runtime_manager.obj
d:\workspace\reshade_ex\reshade\build\reshade.dir\release\runtime_gui.obj
d:\workspace\reshade_ex\reshade\build\reshade.dir\release\runtime_api.obj
d:\workspace\reshade_ex\reshade\build\reshade.dir\release\runtime.obj
d:\workspace\reshade_ex\reshade\build\reshade.dir\release\platform_utils.obj
d:\workspace\reshade_ex\reshade\build\reshade.dir\release\input.obj
d:\workspace\reshade_ex\reshade\build\reshade.dir\release\d3d11on12_device.obj
d:\workspace\reshade_ex\reshade\build\reshade.dir\release\d3d11on12.obj
d:\workspace\reshade_ex\reshade\build\reshade.dir\release\d3d11.obj
d:\workspace\reshade_ex\reshade\build\reshade.dir\release\d3d10_resource.obj
d:\workspace\reshade_ex\reshade\build\reshade.dir\release\d3d10_impl_type_convert.obj
d:\workspace\reshade_ex\reshade\build\reshade.dir\release\d3d10_impl_swapchain.obj
d:\workspace\reshade_ex\reshade\build\reshade.dir\release\d3d10_impl_state_block.obj
d:\workspace\reshade_ex\reshade\build\reshade.dir\release\d3d10_impl_device.obj
d:\workspace\reshade_ex\reshade\build\reshade.dir\release\d3d10_impl_command_queue.obj
d:\workspace\reshade_ex\reshade\build\reshade.dir\release\d3d10_impl_command_list.obj
d:\workspace\reshade_ex\reshade\build\reshade.dir\release\d3d10_device.obj
d:\workspace\reshade_ex\reshade\build\reshade.dir\release\d3d10.obj
d:\workspace\reshade_ex\reshade\build\reshade.dir\release\d2d1.obj
d:\workspace\reshade_ex\reshade\build\reshade.dir\release\vulkan_impl_type_convert.obj
d:\workspace\reshade_ex\reshade\build\reshade.dir\release\vulkan_impl_swapchain.obj
d:\workspace\reshade_ex\reshade\build\reshade.dir\release\vulkan_impl_command_queue.obj
d:\workspace\reshade_ex\reshade\build\reshade.dir\release\vulkan_impl_command_list_immediate.obj
d:\workspace\reshade_ex\reshade\build\reshade.dir\release\vulkan_impl_command_list.obj
d:\workspace\reshade_ex\reshade\build\reshade.dir\release\vulkan_hooks_swapchain.obj
d:\workspace\reshade_ex\reshade\build\reshade.dir\release\vulkan_hooks_instance.obj
d:\workspace\reshade_ex\reshade\build\reshade.dir\release\d3d12_impl_command_list.obj
d:\workspace\reshade_ex\reshade\build\reshade.dir\release\d3d12_extensions.obj
d:\workspace\reshade_ex\reshade\build\reshade.dir\release\d3d12_device_downlevel.obj
d:\workspace\reshade_ex\reshade\build\reshade.dir\release\d3d12_device.obj
d:\workspace\reshade_ex\reshade\build\reshade.dir\release\d3d12_descriptor_heap.obj
d:\workspace\reshade_ex\reshade\build\reshade.dir\release\d3d12_command_queue_downlevel.obj
d:\workspace\reshade_ex\reshade\build\reshade.dir\release\d3d12_command_queue.obj
d:\workspace\reshade_ex\reshade\build\reshade.dir\release\d3d12_command_list.obj
d:\workspace\reshade_ex\reshade\build\reshade.dir\release\d3d12.obj
d:\workspace\reshade_ex\reshade\build\reshade.dir\release\d3d11_resource.obj
d:\workspace\reshade_ex\reshade\build\reshade.dir\release\d3d11_impl_type_convert.obj
d:\workspace\reshade_ex\reshade\build\reshade.dir\release\d3d11_impl_swapchain.obj
d:\workspace\reshade_ex\reshade\build\reshade.dir\release\d3d11_impl_state_block.obj
d:\workspace\reshade_ex\reshade\build\reshade.dir\release\d3d11_impl_device.obj
d:\workspace\reshade_ex\reshade\build\reshade.dir\release\d3d11_impl_command_queue.obj
d:\workspace\reshade_ex\reshade\build\reshade.dir\release\d3d11_impl_command_list.obj
d:\workspace\reshade_ex\reshade\build\reshade.dir\release\d3d11_extensions.obj
d:\workspace\reshade_ex\reshade\build\reshade.dir\release\d3d11_device_context.obj
d:\workspace\reshade_ex\reshade\build\reshade.dir\release\d3d11_device.obj
d:\workspace\reshade_ex\reshade\build\reshade.dir\release\d3d11_command_list.obj
d:\workspace\reshade_ex\reshade\build\reshade.dir\release\d3d9_pix.obj
d:\workspace\reshade_ex\reshade\build\reshade.dir\release\d3d9_internal.obj
d:\workspace\reshade_ex\reshade\build\reshade.dir\release\d3d9_impl_type_convert.obj
d:\workspace\reshade_ex\reshade\build\reshade.dir\release\d3d9_impl_swapchain.obj
d:\workspace\reshade_ex\reshade\build\reshade.dir\release\d3d9_impl_state_block.obj
d:\workspace\reshade_ex\reshade\build\reshade.dir\release\d3d9_impl_device.obj
d:\workspace\reshade_ex\reshade\build\reshade.dir\release\d3d9_impl_command_queue.obj
d:\workspace\reshade_ex\reshade\build\reshade.dir\release\d3d9_impl_command_list.obj
d:\workspace\reshade_ex\reshade\build\reshade.dir\release\d3d9_device.obj
d:\workspace\reshade_ex\reshade\build\reshade.dir\release\d3d9on12_device.obj
d:\workspace\reshade_ex\reshade\build\reshade.dir\release\d3d9on12.obj
d:\workspace\reshade_ex\reshade\build\reshade.dir\release\d3d9.obj
d:\workspace\reshade_ex\reshade\build\reshade.dir\release\d3d12_resource.obj
d:\workspace\reshade_ex\reshade\build\reshade.dir\release\d3d12_pix.obj
d:\workspace\reshade_ex\reshade\build\reshade.dir\release\d3d12_pipeline_library.obj
d:\workspace\reshade_ex\reshade\build\reshade.dir\release\d3d12_impl_type_convert.obj
d:\workspace\reshade_ex\reshade\build\reshade.dir\release\d3d12_impl_swapchain.obj
d:\workspace\reshade_ex\reshade\build\reshade.dir\release\d3d12_impl_device.obj
d:\workspace\reshade_ex\reshade\build\reshade.dir\release\d3d12_impl_command_queue.obj
d:\workspace\reshade_ex\reshade\build\reshade.dir\release\d3d12_impl_command_list_immediate.obj
d:\workspace\reshade_ex\reshade\build\reshade.dir\release\ws2_32.obj
d:\workspace\reshade_ex\reshade\build\reshade.dir\release\user32.obj
d:\workspace\reshade_ex\reshade\build\reshade.dir\release\dinput8.obj
d:\workspace\reshade_ex\reshade\build\reshade.dir\release\dinput.obj
d:\workspace\reshade_ex\reshade\build\reshade.dir\release\runtime_gui_vr.obj
d:\workspace\reshade_ex\reshade\build\reshade.dir\release\openxr_impl_swapchain.obj
d:\workspace\reshade_ex\reshade\build\reshade.dir\release\openxr_hooks_swapchain.obj
d:\workspace\reshade_ex\reshade\build\reshade.dir\release\openxr_hooks_instance.obj
d:\workspace\reshade_ex\reshade\build\reshade.dir\release\openxr.obj
d:\workspace\reshade_ex\reshade\build\reshade.dir\release\openvr_impl_swapchain.obj
d:\workspace\reshade_ex\reshade\build\reshade.dir\release\openvr.obj
d:\workspace\reshade_ex\reshade\build\reshade.dir\release\dxgi_swapchain.obj
d:\workspace\reshade_ex\reshade\build\reshade.dir\release\dxgi_factory.obj
d:\workspace\reshade_ex\reshade\build\reshade.dir\release\dxgi_device.obj
d:\workspace\reshade_ex\reshade\build\reshade.dir\release\dxgi_d3d10.obj
d:\workspace\reshade_ex\reshade\build\reshade.dir\release\dxgi_adapter.obj
d:\workspace\reshade_ex\reshade\build\reshade.dir\release\dxgi.obj
d:\workspace\reshade_ex\reshade\build\reshade.dir\release\ddraw.obj
d:\workspace\reshade_ex\reshade\build\reshade.dir\release\d3d9_swapchain.obj
d:\workspace\reshade_ex\reshade\build\reshade.dir\release\d3d9_resource.obj
d:\workspace\reshade_ex\reshade\build\reshade.dir\release\renderinterwave.obj
d:\workspace\reshade_ex\reshade\build\reshade.dir\release\input_gamepad.obj
d:\workspace\reshade_ex\reshade\build\reshade.dir\release\vulkan_impl_device.obj
d:\workspace\reshade_ex\reshade\build\cmakefiles\generate.stamp
d:\workspace\reshade_ex\reshade\build\release\reshade64.dll
d:\workspace\reshade_ex\reshade\build\reshade.dir\release\resource.res
d:\workspace\reshade_ex\reshade\build\release\reshade.lib
d:\workspace\reshade_ex\reshade\build\release\reshade.exp
d:\workspace\reshade_ex\reshade\build\reshade.dir\release\reshade64.iobj
d:\workspace\reshade_ex\reshade\build\reshade.dir\release\reshade.tlog\cl.command.1.tlog
d:\workspace\reshade_ex\reshade\build\reshade.dir\release\reshade.tlog\cl.items.tlog
d:\workspace\reshade_ex\reshade\build\reshade.dir\release\reshade.tlog\cl.read.1.tlog
d:\workspace\reshade_ex\reshade\build\reshade.dir\release\reshade.tlog\cl.write.1.tlog
d:\workspace\reshade_ex\reshade\build\reshade.dir\release\reshade.tlog\custombuild.command.1.tlog
d:\workspace\reshade_ex\reshade\build\reshade.dir\release\reshade.tlog\custombuild.read.1.tlog
d:\workspace\reshade_ex\reshade\build\reshade.dir\release\reshade.tlog\custombuild.write.1.tlog
d:\workspace\reshade_ex\reshade\build\reshade.dir\release\reshade.tlog\link.command.1.tlog
d:\workspace\reshade_ex\reshade\build\reshade.dir\release\reshade.tlog\link.read.1.tlog
d:\workspace\reshade_ex\reshade\build\reshade.dir\release\reshade.tlog\link.secondary.1.tlog
d:\workspace\reshade_ex\reshade\build\reshade.dir\release\reshade.tlog\link.write.1.tlog
d:\workspace\reshade_ex\reshade\build\reshade.dir\release\reshade.tlog\rc.command.1.tlog
d:\workspace\reshade_ex\reshade\build\reshade.dir\release\reshade.tlog\rc.read.1.tlog
d:\workspace\reshade_ex\reshade\build\reshade.dir\release\reshade.tlog\rc.write.1.tlog
