d:\workspace\reshade_ex\reshade\build\deps\glad.dir\release\wgl.obj
d:\workspace\reshade_ex\reshade\build\deps\glad.dir\release\vulkan.obj
d:\workspace\reshade_ex\reshade\build\deps\glad.dir\release\gl.obj
d:\workspace\reshade_ex\reshade\deps\glad\target\src\gl.c
d:\workspace\reshade_ex\reshade\deps\glad\target\src\vulkan.c
d:\workspace\reshade_ex\reshade\deps\glad\target\include\glad\gl.h
d:\workspace\reshade_ex\reshade\deps\glad\target\include\glad\vulkan.h
d:\workspace\reshade_ex\reshade\deps\glad\target\src\wgl.c
d:\workspace\reshade_ex\reshade\deps\glad\target\include\glad\wgl.h
d:\workspace\reshade_ex\reshade\build\deps\cmakefiles\generate.stamp
d:\workspace\reshade_ex\reshade\build\deps\release\glad.lib
d:\workspace\reshade_ex\reshade\build\deps\glad.dir\release\glad.tlog\cl.command.1.tlog
d:\workspace\reshade_ex\reshade\build\deps\glad.dir\release\glad.tlog\cl.items.tlog
d:\workspace\reshade_ex\reshade\build\deps\glad.dir\release\glad.tlog\cl.read.1.tlog
d:\workspace\reshade_ex\reshade\build\deps\glad.dir\release\glad.tlog\cl.write.1.tlog
d:\workspace\reshade_ex\reshade\build\deps\glad.dir\release\glad.tlog\custombuild.command.1.tlog
d:\workspace\reshade_ex\reshade\build\deps\glad.dir\release\glad.tlog\custombuild.read.1.tlog
d:\workspace\reshade_ex\reshade\build\deps\glad.dir\release\glad.tlog\custombuild.write.1.tlog
d:\workspace\reshade_ex\reshade\build\deps\glad.dir\release\glad.tlog\lib-link.read.1.tlog
d:\workspace\reshade_ex\reshade\build\deps\glad.dir\release\glad.tlog\lib-link.write.1.tlog
d:\workspace\reshade_ex\reshade\build\deps\glad.dir\release\glad.tlog\lib.command.1.tlog
