  Generating D:/WorkSpace/Reshade_Ex/reshade/deps/glad/target/src/gl.c, D:/WorkSpace/Reshade_Ex/reshade/deps/glad/target/src/vulkan.c, D:/WorkSpace/Reshade_Ex/reshade/deps/glad/target/include/glad/gl.h, D:/WorkSpace/Reshade_Ex/reshade/deps/glad/target/include/glad/vulkan.h, D:/WorkSpace/Reshade_Ex/reshade/deps/glad/target/src/wgl.c, D:/WorkSpace/Reshade_Ex/reshade/deps/glad/target/include/glad/wgl.h
  Defaulting to user installation because normal site-packages is not writeable
  Requirement already satisfied: Jinja2<4.0,>=2.7 in c:\users\ecosy\appdata\roaming\python\python310\site-packages (from -r requirements.txt (line 1)) (3.1.6)
  Requirement already satisfied: MarkupSafe>=2.0 in c:\users\ecosy\appdata\roaming\python\python310\site-packages (from Jinja2<4.0,>=2.7->-r requirements.txt (line 1)) (3.0.3)
  
  [notice] A new release of pip is available: 25.3 -> 26.0.1
  [notice] To update, run: python.exe -m pip install --upgrade pip
  [27.02.2026 17:23:04][INFO	][glad   	]: using local specification: gl.xml
  [27.02.2026 17:23:04][INFO	][glad.opener	]: opening: 'file:gl.xml'
  [27.02.2026 17:23:04][INFO	][glad   	]: using local specification: vk.xml
  [27.02.2026 17:23:04][INFO	][glad.opener	]: opening: 'file:vk.xml'
  [27.02.2026 17:23:04][INFO	][glad   	]: using local specification: wgl.xml
  [27.02.2026 17:23:04][INFO	][glad.opener	]: opening: 'file:wgl.xml'
  [27.02.2026 17:23:04][INFO	][glad   	]: generating gl:compatibility/gl=Version(major=4, minor=6)
  [27.02.2026 17:23:05][INFO	][glad   	]: generating feature set FeatureSet(name=gl, info=[gl:compatibility=4.6], extensions=8)
  [27.02.2026 17:23:05][INFO	][glad   	]: generating vulkan:None/vk=Version(major=1, minor=4)
  [27.02.2026 17:23:05][DEBUG	][glad.parse	]: type VkDeviceCreateFlagBits with category enum but without <enums>
  [27.02.2026 17:23:08][INFO	][glad   	]: generating feature set FeatureSet(name=vulkan, info=[vulkan=1.4], extensions=51)
  [27.02.2026 17:23:09][INFO	][glad   	]: generating wgl:None/wgl=Version(major=1, minor=0)
  [27.02.2026 17:23:09][INFO	][glad   	]: generating feature set FeatureSet(name=wgl, info=[wgl=1.0], extensions=9)
  Building Custom Rule D:/WorkSpace/Reshade_Ex/reshade/deps/CMakeLists.txt
  gl.c
  vulkan.c
  wgl.c
  正在生成代码...
  glad.vcxproj -> D:\WorkSpace\Reshade_Ex\reshade\build\deps\Release\glad.lib
