  Building Custom Rule D:/WorkSpace/Reshade_Ex/reshade/CMakeLists.txt
  generic_depth_addon.cpp
  runtime_sync_addon.cpp
  正在生成代码...
  addon.cpp
  addon_manager.cpp
  dll_log.cpp
  dll_main.cpp
  dll_resources.cpp
  hook.cpp
  hook_manager.cpp
  imgui_code_editor.cpp
  imgui_function_table.cpp
  imgui_function_table_18600.cpp
  imgui_function_table_18971.cpp
  imgui_function_table_19000.cpp
  imgui_function_table_19040.cpp
  imgui_function_table_19180.cpp
  imgui_function_table_19191.cpp
  imgui_function_table_19222.cpp
  imgui_function_table_19250.cpp
  imgui_widgets.cpp
  ini_file.cpp
  input.cpp
  正在生成代码...
  正在编译...
  platform_utils.cpp
  runtime.cpp
  runtime_api.cpp
  runtime_gui.cpp
  runtime_manager.cpp
  runtime_update_check.cpp
  state_block.cpp
  opengl.cpp
  opengl_hooks_ffp.cpp
  opengl_hooks_wgl.cpp
  opengl_impl_command_list.cpp
  opengl_impl_command_queue.cpp
  opengl_impl_device.cpp
  opengl_impl_state_block.cpp
  opengl_impl_swapchain.cpp
  opengl_impl_type_convert.cpp
  vulkan.cpp
  vulkan_hooks_command_list.cpp
  vulkan_hooks_device.cpp
  vulkan_hooks_instance.cpp
  正在生成代码...
  正在编译...
  vulkan_hooks_swapchain.cpp
  vulkan_impl_command_list.cpp
  vulkan_impl_command_list_immediate.cpp
  vulkan_impl_command_queue.cpp
  vulkan_impl_swapchain.cpp
  vulkan_impl_type_convert.cpp
  d2d1.cpp
  d3d10.cpp
  d3d10_device.cpp
  d3d10_impl_command_list.cpp
  d3d10_impl_command_queue.cpp
  d3d10_impl_device.cpp
  d3d10_impl_state_block.cpp
  d3d10_impl_swapchain.cpp
  d3d10_impl_type_convert.cpp
  d3d10_resource.cpp
  d3d11.cpp
  d3d11on12.cpp
  d3d11on12_device.cpp
  d3d11_command_list.cpp
  正在生成代码...
  正在编译...
  d3d11_device.cpp
  d3d11_device_context.cpp
  d3d11_extensions.cpp
  d3d11_impl_command_list.cpp
  d3d11_impl_command_queue.cpp
  d3d11_impl_device.cpp
  d3d11_impl_state_block.cpp
  d3d11_impl_swapchain.cpp
  d3d11_impl_type_convert.cpp
  d3d11_resource.cpp
  d3d12.cpp
  d3d12_command_list.cpp
  d3d12_command_queue.cpp
  d3d12_command_queue_downlevel.cpp
  d3d12_descriptor_heap.cpp
  d3d12_device.cpp
  d3d12_device_downlevel.cpp
  d3d12_extensions.cpp
  d3d12_impl_command_list.cpp
  d3d12_impl_command_list_immediate.cpp
  正在生成代码...
  正在编译...
  d3d12_impl_command_queue.cpp
  d3d12_impl_device.cpp
  d3d12_impl_swapchain.cpp
  d3d12_impl_type_convert.cpp
  d3d12_pipeline_library.cpp
  d3d12_pix.cpp
  d3d12_resource.cpp
  d3d9.cpp
  d3d9on12.cpp
  d3d9on12_device.cpp
  d3d9_device.cpp
  d3d9_impl_command_list.cpp
  d3d9_impl_command_queue.cpp
  d3d9_impl_device.cpp
  d3d9_impl_state_block.cpp
  d3d9_impl_swapchain.cpp
  d3d9_impl_type_convert.cpp
  d3d9_internal.cpp
  d3d9_pix.cpp
  d3d9_resource.cpp
  正在生成代码...
  正在编译...
  d3d9_swapchain.cpp
  ddraw.cpp
  dxgi.cpp
  dxgi_adapter.cpp
  dxgi_d3d10.cpp
  dxgi_device.cpp
  dxgi_factory.cpp
  dxgi_swapchain.cpp
  openvr.cpp
  openvr_impl_swapchain.cpp
  openxr.cpp
  openxr_hooks_instance.cpp
  openxr_hooks_swapchain.cpp
  openxr_impl_swapchain.cpp
  runtime_gui_vr.cpp
  dinput.cpp
  dinput8.cpp
  user32.cpp
  ws2_32.cpp
  正在生成代码...
  input_gamepad.cpp
  vulkan_impl_device.cpp
    正在创建库 D:/WorkSpace/Reshade_Ex/reshade/build/Debug/ReShade.lib 和对象 D:/WorkSpace/Reshade_Ex/reshade/build/Debug/ReShade.exp
  ReShade.vcxproj -> D:\WorkSpace\Reshade_Ex\reshade\build\Debug\ReShade64.dll
