d:\workspace\reshade_ex\reshade\build\reshade.dir\debug\vc145.pdb
d:\workspace\reshade_ex\reshade\build\reshade.dir\debug\runtime_sync_addon.obj
d:\workspace\reshade_ex\reshade\build\reshade.dir\debug\generic_depth_addon.obj
d:\workspace\reshade_ex\reshade\build\reshade.dir\debug\input.obj
d:\workspace\reshade_ex\reshade\build\reshade.dir\debug\ini_file.obj
d:\workspace\reshade_ex\reshade\build\reshade.dir\debug\imgui_widgets.obj
d:\workspace\reshade_ex\reshade\build\reshade.dir\debug\imgui_function_table_19250.obj
d:\workspace\reshade_ex\reshade\build\reshade.dir\debug\imgui_function_table_19222.obj
d:\workspace\reshade_ex\reshade\build\reshade.dir\debug\imgui_function_table_19191.obj
d:\workspace\reshade_ex\reshade\build\reshade.dir\debug\imgui_function_table_19180.obj
d:\workspace\reshade_ex\reshade\build\reshade.dir\debug\imgui_function_table_19040.obj
d:\workspace\reshade_ex\reshade\build\reshade.dir\debug\imgui_function_table_19000.obj
d:\workspace\reshade_ex\reshade\build\reshade.dir\debug\imgui_function_table_18971.obj
d:\workspace\reshade_ex\reshade\build\reshade.dir\debug\imgui_function_table_18600.obj
d:\workspace\reshade_ex\reshade\build\reshade.dir\debug\imgui_function_table.obj
d:\workspace\reshade_ex\reshade\build\reshade.dir\debug\imgui_code_editor.obj
d:\workspace\reshade_ex\reshade\build\reshade.dir\debug\hook_manager.obj
d:\workspace\reshade_ex\reshade\build\reshade.dir\debug\hook.obj
d:\workspace\reshade_ex\reshade\build\reshade.dir\debug\dll_resources.obj
d:\workspace\reshade_ex\reshade\build\reshade.dir\debug\dll_main.obj
d:\workspace\reshade_ex\reshade\build\reshade.dir\debug\dll_log.obj
d:\workspace\reshade_ex\reshade\build\reshade.dir\debug\addon_manager.obj
d:\workspace\reshade_ex\reshade\build\reshade.dir\debug\addon.obj
d:\workspace\reshade_ex\reshade\build\reshade.dir\debug\vulkan_hooks_instance.obj
d:\workspace\reshade_ex\reshade\build\reshade.dir\debug\vulkan_hooks_device.obj
d:\workspace\reshade_ex\reshade\build\reshade.dir\debug\vulkan_hooks_command_list.obj
d:\workspace\reshade_ex\reshade\build\reshade.dir\debug\vulkan.obj
d:\workspace\reshade_ex\reshade\build\reshade.dir\debug\opengl_impl_type_convert.obj
d:\workspace\reshade_ex\reshade\build\reshade.dir\debug\opengl_impl_swapchain.obj
d:\workspace\reshade_ex\reshade\build\reshade.dir\debug\opengl_impl_state_block.obj
d:\workspace\reshade_ex\reshade\build\reshade.dir\debug\opengl_impl_device.obj
d:\workspace\reshade_ex\reshade\build\reshade.dir\debug\opengl_impl_command_queue.obj
d:\workspace\reshade_ex\reshade\build\reshade.dir\debug\opengl_impl_command_list.obj
d:\workspace\reshade_ex\reshade\build\reshade.dir\debug\opengl_hooks_wgl.obj
d:\workspace\reshade_ex\reshade\build\reshade.dir\debug\opengl_hooks_ffp.obj
d:\workspace\reshade_ex\reshade\build\reshade.dir\debug\opengl.obj
d:\workspace\reshade_ex\reshade\build\reshade.dir\debug\state_block.obj
d:\workspace\reshade_ex\reshade\build\reshade.dir\debug\runtime_update_check.obj
d:\workspace\reshade_ex\reshade\build\reshade.dir\debug\runtime_manager.obj
d:\workspace\reshade_ex\reshade\build\reshade.dir\debug\runtime_gui.obj
d:\workspace\reshade_ex\reshade\build\reshade.dir\debug\runtime_api.obj
d:\workspace\reshade_ex\reshade\build\reshade.dir\debug\runtime.obj
d:\workspace\reshade_ex\reshade\build\reshade.dir\debug\platform_utils.obj
d:\workspace\reshade_ex\reshade\build\reshade.dir\debug\d3d11_command_list.obj
d:\workspace\reshade_ex\reshade\build\reshade.dir\debug\d3d11on12_device.obj
d:\workspace\reshade_ex\reshade\build\reshade.dir\debug\d3d11on12.obj
d:\workspace\reshade_ex\reshade\build\reshade.dir\debug\d3d11.obj
d:\workspace\reshade_ex\reshade\build\reshade.dir\debug\d3d10_resource.obj
d:\workspace\reshade_ex\reshade\build\reshade.dir\debug\d3d10_impl_type_convert.obj
d:\workspace\reshade_ex\reshade\build\reshade.dir\debug\d3d10_impl_swapchain.obj
d:\workspace\reshade_ex\reshade\build\reshade.dir\debug\d3d10_impl_state_block.obj
d:\workspace\reshade_ex\reshade\build\reshade.dir\debug\d3d10_impl_device.obj
d:\workspace\reshade_ex\reshade\build\reshade.dir\debug\d3d10_impl_command_queue.obj
d:\workspace\reshade_ex\reshade\build\reshade.dir\debug\d3d10_impl_command_list.obj
d:\workspace\reshade_ex\reshade\build\reshade.dir\debug\d3d10_device.obj
d:\workspace\reshade_ex\reshade\build\reshade.dir\debug\d3d10.obj
d:\workspace\reshade_ex\reshade\build\reshade.dir\debug\d2d1.obj
d:\workspace\reshade_ex\reshade\build\reshade.dir\debug\vulkan_impl_type_convert.obj
d:\workspace\reshade_ex\reshade\build\reshade.dir\debug\vulkan_impl_swapchain.obj
d:\workspace\reshade_ex\reshade\build\reshade.dir\debug\vulkan_impl_command_queue.obj
d:\workspace\reshade_ex\reshade\build\reshade.dir\debug\vulkan_impl_command_list_immediate.obj
d:\workspace\reshade_ex\reshade\build\reshade.dir\debug\vulkan_impl_command_list.obj
d:\workspace\reshade_ex\reshade\build\reshade.dir\debug\vulkan_hooks_swapchain.obj
d:\workspace\reshade_ex\reshade\build\reshade.dir\debug\d3d12_impl_command_list_immediate.obj
d:\workspace\reshade_ex\reshade\build\reshade.dir\debug\d3d12_impl_command_list.obj
d:\workspace\reshade_ex\reshade\build\reshade.dir\debug\d3d12_extensions.obj
d:\workspace\reshade_ex\reshade\build\reshade.dir\debug\d3d12_device_downlevel.obj
d:\workspace\reshade_ex\reshade\build\reshade.dir\debug\d3d12_device.obj
d:\workspace\reshade_ex\reshade\build\reshade.dir\debug\d3d12_descriptor_heap.obj
d:\workspace\reshade_ex\reshade\build\reshade.dir\debug\d3d12_command_queue_downlevel.obj
d:\workspace\reshade_ex\reshade\build\reshade.dir\debug\d3d12_command_queue.obj
d:\workspace\reshade_ex\reshade\build\reshade.dir\debug\d3d12_command_list.obj
d:\workspace\reshade_ex\reshade\build\reshade.dir\debug\d3d12.obj
d:\workspace\reshade_ex\reshade\build\reshade.dir\debug\d3d11_resource.obj
d:\workspace\reshade_ex\reshade\build\reshade.dir\debug\d3d11_impl_type_convert.obj
d:\workspace\reshade_ex\reshade\build\reshade.dir\debug\d3d11_impl_swapchain.obj
d:\workspace\reshade_ex\reshade\build\reshade.dir\debug\d3d11_impl_state_block.obj
d:\workspace\reshade_ex\reshade\build\reshade.dir\debug\d3d11_impl_device.obj
d:\workspace\reshade_ex\reshade\build\reshade.dir\debug\d3d11_impl_command_queue.obj
d:\workspace\reshade_ex\reshade\build\reshade.dir\debug\d3d11_impl_command_list.obj
d:\workspace\reshade_ex\reshade\build\reshade.dir\debug\d3d11_extensions.obj
d:\workspace\reshade_ex\reshade\build\reshade.dir\debug\d3d11_device_context.obj
d:\workspace\reshade_ex\reshade\build\reshade.dir\debug\d3d11_device.obj
d:\workspace\reshade_ex\reshade\build\reshade.dir\debug\d3d9_resource.obj
d:\workspace\reshade_ex\reshade\build\reshade.dir\debug\d3d9_pix.obj
d:\workspace\reshade_ex\reshade\build\reshade.dir\debug\d3d9_internal.obj
d:\workspace\reshade_ex\reshade\build\reshade.dir\debug\d3d9_impl_type_convert.obj
d:\workspace\reshade_ex\reshade\build\reshade.dir\debug\d3d9_impl_swapchain.obj
d:\workspace\reshade_ex\reshade\build\reshade.dir\debug\d3d9_impl_state_block.obj
d:\workspace\reshade_ex\reshade\build\reshade.dir\debug\d3d9_impl_device.obj
d:\workspace\reshade_ex\reshade\build\reshade.dir\debug\d3d9_impl_command_queue.obj
d:\workspace\reshade_ex\reshade\build\reshade.dir\debug\d3d9_impl_command_list.obj
d:\workspace\reshade_ex\reshade\build\reshade.dir\debug\d3d9_device.obj
d:\workspace\reshade_ex\reshade\build\reshade.dir\debug\d3d9on12_device.obj
d:\workspace\reshade_ex\reshade\build\reshade.dir\debug\d3d9on12.obj
d:\workspace\reshade_ex\reshade\build\reshade.dir\debug\d3d9.obj
d:\workspace\reshade_ex\reshade\build\reshade.dir\debug\d3d12_resource.obj
d:\workspace\reshade_ex\reshade\build\reshade.dir\debug\d3d12_pix.obj
d:\workspace\reshade_ex\reshade\build\reshade.dir\debug\d3d12_pipeline_library.obj
d:\workspace\reshade_ex\reshade\build\reshade.dir\debug\d3d12_impl_type_convert.obj
d:\workspace\reshade_ex\reshade\build\reshade.dir\debug\d3d12_impl_swapchain.obj
d:\workspace\reshade_ex\reshade\build\reshade.dir\debug\d3d12_impl_device.obj
d:\workspace\reshade_ex\reshade\build\reshade.dir\debug\d3d12_impl_command_queue.obj
d:\workspace\reshade_ex\reshade\build\reshade.dir\debug\ws2_32.obj
d:\workspace\reshade_ex\reshade\build\reshade.dir\debug\user32.obj
d:\workspace\reshade_ex\reshade\build\reshade.dir\debug\dinput8.obj
d:\workspace\reshade_ex\reshade\build\reshade.dir\debug\dinput.obj
d:\workspace\reshade_ex\reshade\build\reshade.dir\debug\runtime_gui_vr.obj
d:\workspace\reshade_ex\reshade\build\reshade.dir\debug\openxr_impl_swapchain.obj
d:\workspace\reshade_ex\reshade\build\reshade.dir\debug\openxr_hooks_swapchain.obj
d:\workspace\reshade_ex\reshade\build\reshade.dir\debug\openxr_hooks_instance.obj
d:\workspace\reshade_ex\reshade\build\reshade.dir\debug\openxr.obj
d:\workspace\reshade_ex\reshade\build\reshade.dir\debug\openvr_impl_swapchain.obj
d:\workspace\reshade_ex\reshade\build\reshade.dir\debug\openvr.obj
d:\workspace\reshade_ex\reshade\build\reshade.dir\debug\dxgi_swapchain.obj
d:\workspace\reshade_ex\reshade\build\reshade.dir\debug\dxgi_factory.obj
d:\workspace\reshade_ex\reshade\build\reshade.dir\debug\dxgi_device.obj
d:\workspace\reshade_ex\reshade\build\reshade.dir\debug\dxgi_d3d10.obj
d:\workspace\reshade_ex\reshade\build\reshade.dir\debug\dxgi_adapter.obj
d:\workspace\reshade_ex\reshade\build\reshade.dir\debug\dxgi.obj
d:\workspace\reshade_ex\reshade\build\reshade.dir\debug\ddraw.obj
d:\workspace\reshade_ex\reshade\build\reshade.dir\debug\d3d9_swapchain.obj
d:\workspace\reshade_ex\reshade\build\reshade.dir\debug\input_gamepad.obj
d:\workspace\reshade_ex\reshade\build\reshade.dir\debug\vulkan_impl_device.obj
d:\workspace\reshade_ex\reshade\build\cmakefiles\generate.stamp
d:\workspace\reshade_ex\reshade\build\debug\reshade64.dll
d:\workspace\reshade_ex\reshade\build\debug\reshade.pdb
d:\workspace\reshade_ex\reshade\build\reshade.dir\debug\resource.res
d:\workspace\reshade_ex\reshade\build\debug\reshade.lib
d:\workspace\reshade_ex\reshade\build\debug\reshade.exp
d:\workspace\reshade_ex\reshade\build\reshade.dir\debug\reshade64.ilk
d:\workspace\reshade_ex\reshade\build\reshade.dir\debug\reshade.tlog\cl.command.1.tlog
d:\workspace\reshade_ex\reshade\build\reshade.dir\debug\reshade.tlog\cl.items.tlog
d:\workspace\reshade_ex\reshade\build\reshade.dir\debug\reshade.tlog\cl.read.1.tlog
d:\workspace\reshade_ex\reshade\build\reshade.dir\debug\reshade.tlog\cl.write.1.tlog
d:\workspace\reshade_ex\reshade\build\reshade.dir\debug\reshade.tlog\custombuild.command.1.tlog
d:\workspace\reshade_ex\reshade\build\reshade.dir\debug\reshade.tlog\custombuild.read.1.tlog
d:\workspace\reshade_ex\reshade\build\reshade.dir\debug\reshade.tlog\custombuild.write.1.tlog
d:\workspace\reshade_ex\reshade\build\reshade.dir\debug\reshade.tlog\link.command.1.tlog
d:\workspace\reshade_ex\reshade\build\reshade.dir\debug\reshade.tlog\link.read.1.tlog
d:\workspace\reshade_ex\reshade\build\reshade.dir\debug\reshade.tlog\link.secondary.1.tlog
d:\workspace\reshade_ex\reshade\build\reshade.dir\debug\reshade.tlog\link.write.1.tlog
d:\workspace\reshade_ex\reshade\build\reshade.dir\debug\reshade.tlog\rc.command.1.tlog
d:\workspace\reshade_ex\reshade\build\reshade.dir\debug\reshade.tlog\rc.read.1.tlog
d:\workspace\reshade_ex\reshade\build\reshade.dir\debug\reshade.tlog\rc.write.1.tlog
