d:\workspace\reshade_ex\reshade\build\reshadefx.dir\release\effect_symbol_table.obj
d:\workspace\reshade_ex\reshade\build\reshadefx.dir\release\effect_preprocessor.obj
d:\workspace\reshade_ex\reshade\build\reshadefx.dir\release\effect_parser_stmt.obj
d:\workspace\reshade_ex\reshade\build\reshadefx.dir\release\effect_parser_exp.obj
d:\workspace\reshade_ex\reshade\build\reshadefx.dir\release\effect_lexer.obj
d:\workspace\reshade_ex\reshade\build\reshadefx.dir\release\effect_expression.obj
d:\workspace\reshade_ex\reshade\build\reshadefx.dir\release\effect_codegen_spirv.obj
d:\workspace\reshade_ex\reshade\build\reshadefx.dir\release\effect_codegen_hlsl.obj
d:\workspace\reshade_ex\reshade\build\reshadefx.dir\release\effect_codegen_glsl.obj
d:\workspace\reshade_ex\reshade\build\reshadefx.dir\release\effect_codegen_dxbc.obj
d:\workspace\reshade_ex\reshade\build\cmakefiles\generate.stamp
d:\workspace\reshade_ex\reshade\build\release\reshadefx.lib
d:\workspace\reshade_ex\reshade\build\reshadefx.dir\release\reshadefx.tlog\cl.command.1.tlog
d:\workspace\reshade_ex\reshade\build\reshadefx.dir\release\reshadefx.tlog\cl.items.tlog
d:\workspace\reshade_ex\reshade\build\reshadefx.dir\release\reshadefx.tlog\cl.read.1.tlog
d:\workspace\reshade_ex\reshade\build\reshadefx.dir\release\reshadefx.tlog\cl.write.1.tlog
d:\workspace\reshade_ex\reshade\build\reshadefx.dir\release\reshadefx.tlog\custombuild.command.1.tlog
d:\workspace\reshade_ex\reshade\build\reshadefx.dir\release\reshadefx.tlog\custombuild.read.1.tlog
d:\workspace\reshade_ex\reshade\build\reshadefx.dir\release\reshadefx.tlog\custombuild.write.1.tlog
d:\workspace\reshade_ex\reshade\build\reshadefx.dir\release\reshadefx.tlog\lib-link.read.1.tlog
d:\workspace\reshade_ex\reshade\build\reshadefx.dir\release\reshadefx.tlog\lib-link.write.1.tlog
d:\workspace\reshade_ex\reshade\build\reshadefx.dir\release\reshadefx.tlog\lib.command.1.tlog
